Build started 26/07/2012 15:57:18.
     1>Project "F:\Documents\Visual Studio 2010\Projects\Poker\texasholdem-hh-parser\Poker\Poker.vcxproj" on node 2 (build target(s)).
     1>InitializeBuildStatus:
         Creating "Debug\Poker.unsuccessfulbuild" because "AlwaysCreate" was specified.
       ClCompile:
         All outputs are up-to-date.
         E:\Microsoft Visual Studio 10.0\VC\bin\CL.exe /c /ZI /nologo /W3 /WX- /Od /Oy- /D WIN32 /D _DEBUG /D _CONSOLE /D _MBCS /Gm /EHsc /RTC1 /MDd /GS /fp:precise /Zc:wchar_t /Zc:forScope /Yu"StdAfx.h" /Fp"Debug\Poker.pch" /Fo"Debug\\" /Fd"Debug\vc100.pdb" /Gd /TP /analyze- /errorReport:prompt FileParser.cpp
         FileParser.cpp
     1>f:\documents\visual studio 2010\projects\poker\texasholdem-hh-parser\poker\fileparser.h(12): warning C4200: nonstandard extension used : zero-sized array in struct/union
                 Cannot generate copy-ctor or copy-assignment operator when UDT contains a zero-sized array
     1>f:\documents\visual studio 2010\projects\poker\texasholdem-hh-parser\poker\fileparser.cpp(32): warning C4996: 'strcpy': This function or variable may be unsafe. Consider using strcpy_s instead. To disable deprecation, use _CRT_SECURE_NO_WARNINGS. See online help for details.
                 e:\microsoft visual studio 10.0\vc\include\string.h(105) : see declaration of 'strcpy'
     1>f:\documents\visual studio 2010\projects\poker\texasholdem-hh-parser\poker\fileparser.cpp(34): warning C4996: 'strncat': This function or variable may be unsafe. Consider using strncat_s instead. To disable deprecation, use _CRT_SECURE_NO_WARNINGS. See online help for details.
                 e:\microsoft visual studio 10.0\vc\include\string.h(175) : see declaration of 'strncat'
       ManifestResourceCompile:
         All outputs are up-to-date.
       Link:
         E:\Microsoft Visual Studio 10.0\VC\bin\link.exe /ERRORREPORT:PROMPT /OUT:"F:\Documents\Visual Studio 2010\Projects\Poker\texasholdem-hh-parser\Debug\Poker.exe" /INCREMENTAL /NOLOGO kernel32.lib user32.lib gdi32.lib winspool.lib comdlg32.lib advapi32.lib shell32.lib ole32.lib oleaut32.lib uuid.lib odbc32.lib odbccp32.lib /MANIFEST /ManifestFile:"Debug\Poker.exe.intermediate.manifest" /MANIFESTUAC:"level='asInvoker' uiAccess='false'" /DEBUG /PDB:"F:\Documents\Visual Studio 2010\Projects\Poker\texasholdem-hh-parser\Debug\Poker.pdb" /SUBSYSTEM:CONSOLE /TLBID:1 /DYNAMICBASE /NXCOMPAT /IMPLIB:"F:\Documents\Visual Studio 2010\Projects\Poker\texasholdem-hh-parser\Debug\Poker.lib" /MACHINE:X86 Debug\Poker.exe.embed.manifest.res
         Debug\FileParser.obj
         Debug\GameData.obj
         Debug\Poker.obj
         Debug\stdafx.obj
       Manifest:
         C:\Program Files (x86)\Microsoft SDKs\Windows\v7.0A\bin\mt.exe /nologo /verbose /out:"Debug\Poker.exe.embed.manifest" /manifest Debug\Poker.exe.intermediate.manifest
         All outputs are up-to-date.
       LinkEmbedManifest:
         All outputs are up-to-date.
         Poker.vcxproj -> F:\Documents\Visual Studio 2010\Projects\Poker\texasholdem-hh-parser\Debug\Poker.exe
       FinalizeBuildStatus:
         Deleting file "Debug\Poker.unsuccessfulbuild".
         Touching "Debug\Poker.lastbuildstate".
     1>Done Building Project "F:\Documents\Visual Studio 2010\Projects\Poker\texasholdem-hh-parser\Poker\Poker.vcxproj" (build target(s)).

Build succeeded.

Time Elapsed 00:00:01.63
